<?xml version="1.0" encoding="UTF-8"?>
<!-- Generated by org.testng.reporters.JUnitReportReporter -->
<testsuite skipped="1" hostname="Keyur" name="com.qa.opencart.tests.LoginPageTest" tests="4" failures="0" timestamp="23 May 2023 07:50:19 GMT" time="4.699" errors="0">
  <testcase name="loginPageUrlTest" time="0.101" classname="com.qa.opencart.tests.LoginPageTest"/>
  <testcase name="loginPageTitleTest" time="0.232" classname="com.qa.opencart.tests.LoginPageTest"/>
  <testcase name="loginTest" time="4.366" classname="com.qa.opencart.tests.LoginPageTest"/>
  <testcase name="forgotPwdLinkTest" classname="com.qa.opencart.tests.LoginPageTest">
    <skipped/>
  </testcase> <!-- forgotPwdLinkTest -->
</testsuite> <!-- com.qa.opencart.tests.LoginPageTest -->
